Unity Editor version:    2020.3.48f1 (b805b124c6b7)
Branch:                  2020.3/staging
Build type:              Release
Batch mode:              YES
macOS version:           Version 12.6 (Build 21G115)
Darwin version:          21.6.0
Architecture:            x86_64
Running under Rosetta:   YES
Available memory:        8192 MB
Using pre-set license
Pro License: NO

COMMAND LINE ARGUMENTS:
/Applications/Unity/Unity.app/Contents/MacOS/Unity
-adb2
-batchMode
-noUpm
-name
AssetImportWorker0
-projectPath
/Users/icornermalang/Documents/Kuliah/Semester6/Animasidangame/Praktikum/Bab6/GameSunnyLandForest
-logFile
Logs/AssetImportWorker0.log
-srvPort
65154
Successfully changed project path to: /Users/icornermalang/Documents/Kuliah/Semester6/Animasidangame/Praktikum/Bab6/GameSunnyLandForest
/Users/icornermalang/Documents/Kuliah/Semester6/Animasidangame/Praktikum/Bab6/GameSunnyLandForest
Using Asset Import Pipeline V2.
Player connection [8739853824] Host "[IP] 192.168.4.103 [Port] 0 [Flags] 2 [Guid] 2997744984 [EditorId] 2997744984 [Version] 1048832 [Id] OSXEditor(0,Firman-Frezy-Pradana.local) [Debug] 1 [PackageName] OSXEditor [ProjectName] Editor" joined multi-casting on [225.0.0.222:54997]...

Player connection [8739853824] Host "[IP] 192.168.4.103 [Port] 0 [Flags] 2 [Guid] 2997744984 [EditorId] 2997744984 [Version] 1048832 [Id] OSXEditor(0,Firman-Frezy-Pradana.local) [Debug] 1 [PackageName] OSXEditor [ProjectName] Editor" joined alternative multi-casting on [225.0.0.222:34997]...

Refreshing native plugins compatible for Editor in 72.44 ms, found 3 plugins.
Preloading 0 native plugins for Editor in 0.00 ms.
Initialize engine version: 2020.3.48f1 (b805b124c6b7)
[Subsystems] Discovering subsystems at path /Applications/Unity/Unity.app/Contents/Resources/UnitySubsystems
[Subsystems] Discovering subsystems at path /Users/icornermalang/Documents/Kuliah/Semester6/Animasidangame/Praktikum/Bab6/GameSunnyLandForest/Assets
GfxDevice: creating device client; threaded=0
2024-05-12 19:11:20.625 Unity[34206:1087746] (null) preferred device: Apple M1 (high power)
2024-05-12 19:11:20.625 Unity[34206:1087746] Metal devices available: 1
2024-05-12 19:11:20.625 Unity[34206:1087746] 0: Apple M1 (high power)
2024-05-12 19:11:20.625 Unity[34206:1087746] Using device Apple M1 (high power)
Initializing Metal device caps: Apple M1
Initialize mono
Mono path[0] = '/Applications/Unity/Unity.app/Contents/Managed'
Mono path[1] = '/Applications/Unity/Unity.app/Contents/MonoBleedingEdge/lib/mono/unityjit'
Mono config path = '/Applications/Unity/Unity.app/Contents/MonoBleedingEdge/etc'
Using monoOptions --debugger-agent=transport=dt_socket,embedding=1,server=y,suspend=n,address=127.0.0.1:56206
Begin MonoManager ReloadAssembly
Registering precompiled unity dll's ...
Register platform support module: /Applications/Unity/Unity.app/Contents/PlaybackEngines/MacStandaloneSupport/UnityEditor.OSXStandalone.Extensions.dll
Registered in 0.001240 seconds.
Native extension for OSXStandalone target not found
Refreshing native plugins compatible for Editor in 42.39 ms, found 3 plugins.
Preloading 0 native plugins for Editor in 0.00 ms.
Mono: successfully reloaded assembly
- Completed reload, in  1.510 seconds
Domain Reload Profiling:
	ReloadAssembly (1510ms)
		BeginReloadAssembly (140ms)
			ExecutionOrderSort (0ms)
			DisableScriptedObjects (0ms)
			BackupInstance (0ms)
			ReleaseScriptingObjects (0ms)
			CreateAndSetChildDomain (4ms)
		EndReloadAssembly (1230ms)
			LoadAssemblies (137ms)
			RebuildTransferFunctionScriptingTraits (1ms)
			SetupTypeCache (224ms)
			ReleaseScriptCaches (0ms)
			RebuildScriptCaches (50ms)
			SetupLoadedEditorAssemblies (571ms)
				LogAssemblyErrors (0ms)
				InitializePlatformSupportModulesInManaged (14ms)
				SetLoadedEditorAssemblies (0ms)
				RefreshPlugins (42ms)
				BeforeProcessingInitializeOnLoad (24ms)
				ProcessInitializeOnLoadAttributes (363ms)
				ProcessInitializeOnLoadMethodAttributes (126ms)
				AfterProcessingInitializeOnLoad (0ms)
				EditorAssembliesLoaded (1ms)
			ExecutionOrderSort2 (0ms)
			AwakeInstancesAfterBackupRestoration (0ms)
Platform modules already initialized, skipping
Registering precompiled user dll's ...
Registered in 0.002484 seconds.
Begin MonoManager ReloadAssembly
Native extension for OSXStandalone target not found
Refreshing native plugins compatible for Editor in 40.71 ms, found 3 plugins.
Preloading 0 native plugins for Editor in 0.00 ms.
Mono: successfully reloaded assembly
- Completed reload, in  2.457 seconds
Domain Reload Profiling:
	ReloadAssembly (2459ms)
		BeginReloadAssembly (317ms)
			ExecutionOrderSort (0ms)
			DisableScriptedObjects (36ms)
			BackupInstance (0ms)
			ReleaseScriptingObjects (0ms)
			CreateAndSetChildDomain (51ms)
		EndReloadAssembly (2042ms)
			LoadAssemblies (255ms)
			RebuildTransferFunctionScriptingTraits (0ms)
			SetupTypeCache (408ms)
			ReleaseScriptCaches (2ms)
			RebuildScriptCaches (65ms)
			SetupLoadedEditorAssemblies (1042ms)
				LogAssemblyErrors (0ms)
				InitializePlatformSupportModulesInManaged (9ms)
				SetLoadedEditorAssemblies (0ms)
				RefreshPlugins (41ms)
				BeforeProcessingInitializeOnLoad (121ms)
				ProcessInitializeOnLoadAttributes (802ms)
				ProcessInitializeOnLoadMethodAttributes (67ms)
				AfterProcessingInitializeOnLoad (1ms)
				EditorAssembliesLoaded (0ms)
			ExecutionOrderSort2 (0ms)
			AwakeInstancesAfterBackupRestoration (4ms)
Platform modules already initialized, skipping
Validating Project structure ... 0.000303 seconds.
Shader import version has changed; will reimport all shaders...
Upgrading shader files ...0.021056 seconds.
Application.AssetDatabase Initial Script Refresh Start
RefreshInfo: InitialScriptRefreshV2(NoUpdateAssetOptions) scanfilter:  ... 1 filters
RefreshProfiler: Total: 0.000ms
Application.AssetDatabase Initial Script Refresh End
Application.AssetDatabase.Refresh Start
Application.AssetDatabase.Refresh End
RefreshInfo: StopAssetImportingV2(ForceSynchronousImport) scanfilter: 
RefreshProfiler: Total: 0.000ms
Launching external process: /Applications/Unity/Unity.app/Contents/Tools/UnityShaderCompiler
Launched and connected shader compiler UnityShaderCompiler after 0.90 seconds
Initializing Unity extensions:
2024-05-12 19:11:27.598 Unity[34206:1087746] NSEventModifierFlagFunction specified to -setKeyEquivalentModifierMask: for item <NSMenuItem: 0x7fba77927640 Font Asset, ke='Command-F12'>, but is only supported for system-provided menu items; will not be used
2024-05-12 19:11:27.601 Unity[34206:1087746] NSEventModifierFlagFunction specified to -setKeyEquivalentModifierMask: for item <NSMenuItem: 0x7fba77971530 Font Asset, ke='Command-F12'>, but is only supported for system-provided menu items; will not be used
========================================================================
Worker process is ready to serve import requests
Refreshing native plugins compatible for Editor in 0.26 ms, found 3 plugins.
Preloading 0 native plugins for Editor in 0.00 ms.
Unloading 2015 Unused Serialized files (Serialized files now loaded: 0)
System memory in use before: 108.2 MB.
System memory in use after: 107.5 MB.

Unloading 99 unused Assets to reduce memory usage. Loaded Objects now: 2492.
Total: 4.148833 ms (FindLiveObjects: 0.263041 ms CreateObjectMapping: 0.042625 ms MarkObjects: 3.415750 ms  DeleteObjects: 0.426583 ms)

AssetImportParameters requested are different than current active one (requested -> active):
  custom:video-decoder-ogg-theora: a1e56fd34408186e4bbccfd4996cb3dc -> 
  custom:container-muxer-webm: aa71ff27fc2769a1b78a27578f13a17b -> 
  custom:container-demuxer-webm: 4f35f7cbe854078d1ac9338744f61a02 -> 
  custom:container-demuxer-ogg: 62fdf1f143b41e24485cea50d1cbac27 -> 
  custom:video-encoder-webm-vp8: eb34c28f22e8b96e1ab97ce403110664 -> 
  custom:framework-osx-AVFoundation: e770b220cccbd017edd2c1fefb359320 -> 
  custom:video-decoder-webm-vp8: 9c59270c3fd7afecdb556c50c9e8de78 -> 
  custom:audio-decoder-ogg-vorbis: bf7c407c2cedff20999df2af8eb42d56 -> 
  custom:audio-encoder-webm-vorbis: bf7c407c2cedff20999df2af8eb42d56 -> 
========================================================================
Received Import Request.
  path: Assets/Scenes/SampleScene.unity
  artifactKey: Guid(2cda990e2423bbf4892e6590ba056729) Importer(815301076,1909f56bfc062723c751e8b465ee728b)
Start importing Assets/Scenes/SampleScene.unity using Guid(2cda990e2423bbf4892e6590ba056729) Importer(815301076,1909f56bfc062723c751e8b465ee728b)  -> (artifact id: '39830e642e86629427d938554181f2fd') in 0.012865 seconds 
========================================================================
Received Import Request.
  Time since last request: 326.183206 seconds.
  path: Assets/Scenes
  artifactKey: Guid(8c30ff948bf044dfd82df05422184022) Importer(815301076,1909f56bfc062723c751e8b465ee728b)
Start importing Assets/Scenes using Guid(8c30ff948bf044dfd82df05422184022) Importer(815301076,1909f56bfc062723c751e8b465ee728b)  -> (artifact id: 'f52387b29cb51793756152986b7ab46a') in 0.008659 seconds 
========================================================================
Received Import Request.
  Time since last request: 1.932465 seconds.
  path: Assets/Sunny Land Forest Assets
  artifactKey: Guid(04d10b76dff2349819751481e5f5228c) Importer(815301076,1909f56bfc062723c751e8b465ee728b)
Start importing Assets/Sunny Land Forest Assets using Guid(04d10b76dff2349819751481e5f5228c) Importer(815301076,1909f56bfc062723c751e8b465ee728b)  -> (artifact id: '41d30af59abf2424db8446ba703f41f1') in 0.001824 seconds 
========================================================================
Received Import Request.
  Time since last request: 8.892698 seconds.
  path: Assets/Sunny Land Forest Assets/Artwork/Environment
  artifactKey: Guid(247f99824090f46c28786894c8d359d1) Importer(815301076,1909f56bfc062723c751e8b465ee728b)
Start importing Assets/Sunny Land Forest Assets/Artwork/Environment using Guid(247f99824090f46c28786894c8d359d1) Importer(815301076,1909f56bfc062723c751e8b465ee728b)  -> (artifact id: 'e3092661b24c0070cda4817c249345b8') in 0.002346 seconds 
========================================================================
Received Import Request.
  Time since last request: 1.996796 seconds.
  path: Assets/Sunny Land Forest Assets/Artwork/Environment/background.png
  artifactKey: Guid(0ec7f03d689614a43ae2aeba2db954c0) Importer(815301076,1909f56bfc062723c751e8b465ee728b)
Start importing Assets/Sunny Land Forest Assets/Artwork/Environment/background.png using Guid(0ec7f03d689614a43ae2aeba2db954c0) Importer(815301076,1909f56bfc062723c751e8b465ee728b)  -> (artifact id: 'e4395e4cb952cc67cefd4e3725c53a31') in 1.021559 seconds 
========================================================================
Received Import Request.
  Time since last request: 0.000230 seconds.
  path: Assets/Sunny Land Forest Assets/Artwork/Environment/tileset_preview.png
  artifactKey: Guid(c7023aa968e634fc886642f0d99afe29) Importer(815301076,1909f56bfc062723c751e8b465ee728b)
Start importing Assets/Sunny Land Forest Assets/Artwork/Environment/tileset_preview.png using Guid(c7023aa968e634fc886642f0d99afe29) Importer(815301076,1909f56bfc062723c751e8b465ee728b)  -> (artifact id: '355615f18b48dfd3edfe5d84ccccf720') in 0.017100 seconds 
========================================================================
Received Import Request.
  Time since last request: 0.000244 seconds.
  path: Assets/Sunny Land Forest Assets/Artwork/Environment/environment-preview.png
  artifactKey: Guid(a19e9edb7c8f94be391773f155002823) Importer(815301076,1909f56bfc062723c751e8b465ee728b)
Start importing Assets/Sunny Land Forest Assets/Artwork/Environment/environment-preview.png using Guid(a19e9edb7c8f94be391773f155002823) Importer(815301076,1909f56bfc062723c751e8b465ee728b)  -> (artifact id: '5feb120eb41348a9d2519c1819f9ce5b') in 0.033051 seconds 
========================================================================
Received Import Request.
  Time since last request: 0.000341 seconds.
  path: Assets/Sunny Land Forest Assets/Artwork/Environment/middleground.png
  artifactKey: Guid(d826448c67ac24a828938a397a088786) Importer(815301076,1909f56bfc062723c751e8b465ee728b)
Start importing Assets/Sunny Land Forest Assets/Artwork/Environment/middleground.png using Guid(d826448c67ac24a828938a397a088786) Importer(815301076,1909f56bfc062723c751e8b465ee728b)  -> (artifact id: '0e90559a2b6f50e23f29087fb110ff6d') in 0.016042 seconds 
========================================================================
Received Import Request.
  Time since last request: 0.000147 seconds.
  path: Assets/Sunny Land Forest Assets/Artwork/Environment/tileset.png
  artifactKey: Guid(2eeb0d4e8888f48459040781a511455e) Importer(815301076,1909f56bfc062723c751e8b465ee728b)
Start importing Assets/Sunny Land Forest Assets/Artwork/Environment/tileset.png using Guid(2eeb0d4e8888f48459040781a511455e) Importer(815301076,1909f56bfc062723c751e8b465ee728b)  -> (artifact id: 'fe53d39052ba668afed3d7650bd766d5') in 0.176980 seconds 
========================================================================
Received Import Request.
  Time since last request: 5.119728 seconds.
  path: Assets/Sunny Land Forest Assets/Artwork/Environment/props/house.png
  artifactKey: Guid(fedea871f17ee403aba600401b9d9a8d) Importer(815301076,1909f56bfc062723c751e8b465ee728b)
Start importing Assets/Sunny Land Forest Assets/Artwork/Environment/props/house.png using Guid(fedea871f17ee403aba600401b9d9a8d) Importer(815301076,1909f56bfc062723c751e8b465ee728b)  -> (artifact id: '97399eca1bbc2250be74e9c69de82f31') in 0.018355 seconds 
========================================================================
Received Import Request.
  Time since last request: 0.000300 seconds.
  path: Assets/Sunny Land Forest Assets/Artwork/Environment/props/mushroom-brown.png
  artifactKey: Guid(4417e5e080315474c9cf62428e4551e8) Importer(815301076,1909f56bfc062723c751e8b465ee728b)
Start importing Assets/Sunny Land Forest Assets/Artwork/Environment/props/mushroom-brown.png using Guid(4417e5e080315474c9cf62428e4551e8) Importer(815301076,1909f56bfc062723c751e8b465ee728b)  -> (artifact id: '3cb2c7be64de68e6af7a520e620ff480') in 0.011890 seconds 
========================================================================
Received Import Request.
  Time since last request: 0.000316 seconds.
  path: Assets/Sunny Land Forest Assets/Artwork/Environment/props/vine.png
  artifactKey: Guid(07e41a4feae544b6e8ce053545f68e4d) Importer(815301076,1909f56bfc062723c751e8b465ee728b)
Start importing Assets/Sunny Land Forest Assets/Artwork/Environment/props/vine.png using Guid(07e41a4feae544b6e8ce053545f68e4d) Importer(815301076,1909f56bfc062723c751e8b465ee728b)  -> (artifact id: '52cc747792200fdf2c73f2d953985c73') in 0.010790 seconds 
========================================================================
Received Import Request.
  Time since last request: 0.000250 seconds.
  path: Assets/Sunny Land Forest Assets/Artwork/Environment/props/rock.png
  artifactKey: Guid(5a9da1b2511d54f8c82476e3ea9d2b85) Importer(815301076,1909f56bfc062723c751e8b465ee728b)
Start importing Assets/Sunny Land Forest Assets/Artwork/Environment/props/rock.png using Guid(5a9da1b2511d54f8c82476e3ea9d2b85) Importer(815301076,1909f56bfc062723c751e8b465ee728b)  -> (artifact id: 'd145d9e994c60c04ba50e6e47fb46822') in 0.010163 seconds 
========================================================================
Received Import Request.
  Time since last request: 0.000134 seconds.
  path: Assets/Sunny Land Forest Assets/Artwork/Environment/props/plant.png
  artifactKey: Guid(5f8faaf7bc08f478fa9d600f48632355) Importer(815301076,1909f56bfc062723c751e8b465ee728b)
Start importing Assets/Sunny Land Forest Assets/Artwork/Environment/props/plant.png using Guid(5f8faaf7bc08f478fa9d600f48632355) Importer(815301076,1909f56bfc062723c751e8b465ee728b)  -> (artifact id: 'c2b40f0d17d12105f20ed4f74a899d54') in 0.010097 seconds 
========================================================================
Received Import Request.
  Time since last request: 0.000177 seconds.
  path: Assets/Sunny Land Forest Assets/Artwork/Environment/props/tree.png
  artifactKey: Guid(da6a6286a0d4043d1b91c1d6f94bf1ef) Importer(815301076,1909f56bfc062723c751e8b465ee728b)
Start importing Assets/Sunny Land Forest Assets/Artwork/Environment/props/tree.png using Guid(da6a6286a0d4043d1b91c1d6f94bf1ef) Importer(815301076,1909f56bfc062723c751e8b465ee728b)  -> (artifact id: '6f3a9f3dbbbfcf2fe0dd32f616605861') in 0.012689 seconds 
========================================================================
Received Import Request.
  Time since last request: 0.000160 seconds.
  path: Assets/Sunny Land Forest Assets/Artwork/Environment/props/mushroom-red.png
  artifactKey: Guid(6c7eac1744b6b4e10b3f1c98b84d5dbb) Importer(815301076,1909f56bfc062723c751e8b465ee728b)
Start importing Assets/Sunny Land Forest Assets/Artwork/Environment/props/mushroom-red.png using Guid(6c7eac1744b6b4e10b3f1c98b84d5dbb) Importer(815301076,1909f56bfc062723c751e8b465ee728b)  -> (artifact id: 'fa1c1ae2b93d66339d6641c8caacc567') in 0.007059 seconds 
AssetImportWorkerClient::OnTransportError - code=2 error=End of file
